2024-03-31 18:31:58,071 - INFO - Log file cleared.
2024-03-31 18:33:09,965 - INFO - Updated selected sources: ['Columbia Library', 'Stanford Library', 'Library of Congress', 'Johns Hopkins Library', 'Yale Library', 'Duke Library', 'Google Books', 'Cornell Library', 'North Carolina State Library', 'Open Library', 'Harvard Library', 'Indiana Library']
2024-03-31 18:33:09,966 - INFO - Updated unused sources: ['Pennsylvania State Library']
2024-03-31 18:35:40,234 - INFO - Application started
2024-03-31 18:35:58,069 - INFO - Search started for OCN with 10 items and priority list: ['Columbia Library', 'Stanford Library', 'Library of Congress', 'Johns Hopkins Library', 'Yale Library', 'Duke Library', 'Google Books', 'Cornell Library', 'North Carolina State Library', 'Open Library', 'Harvard Library', 'Indiana Library']
2024-03-31 18:35:58,081 - INFO - 0/10. Searching metadata for 86074845
2024-03-31 18:35:58,082 - INFO - Querying database for OCN 86074845.
2024-03-31 18:35:58,084 - INFO - Found database record for OCN 86074845: ISBN=9780306486449, OCN=86074845
2024-03-31 18:35:58,102 - INFO - LCCN data found for OCN 86074845: ['QP364.7.G575 2005']
2024-03-31 18:35:58,103 - INFO - LCCN Source data found for OCN 86074845: ['Stanford']
2024-03-31 18:35:58,132 - INFO - Write completed for OCN 86074845
2024-03-31 18:35:58,132 - INFO - 1/10. Searching metadata for 58561723
2024-03-31 18:35:58,135 - INFO - Querying database for OCN 58561723.
2024-03-31 18:35:58,136 - INFO - Found database record for OCN 58561723: ISBN=9786610147748, OCN=58561723
2024-03-31 18:35:58,140 - INFO - LCCN data found for OCN 58561723: ['QC173.45']
2024-03-31 18:35:58,140 - INFO - LCCN Source data found for OCN 58561723: ['Harvard']
2024-03-31 18:35:58,148 - INFO - Write completed for OCN 58561723
2024-03-31 18:35:58,149 - INFO - 2/10. Searching metadata for 58561723
2024-03-31 18:35:58,149 - INFO - Querying database for OCN 58561723.
2024-03-31 18:35:58,150 - INFO - Found database record for OCN 58561723: ISBN=9786610147748, OCN=58561723
2024-03-31 18:35:58,151 - INFO - LCCN data found for OCN 58561723: ['QC173.45']
2024-03-31 18:35:58,151 - INFO - LCCN Source data found for OCN 58561723: ['Harvard']
2024-03-31 18:35:58,161 - INFO - Write completed for OCN 58561723
2024-03-31 18:35:58,162 - INFO - 3/10. Searching metadata for 49251460
2024-03-31 18:35:58,162 - INFO - Querying database for OCN 49251460.
2024-03-31 18:35:58,163 - INFO - Found database record for OCN 49251460: ISBN=0130648531, OCN=49251460
2024-03-31 18:35:58,164 - INFO - LCCN data found for OCN 49251460: ['HF5415 .K63143 2001']
2024-03-31 18:35:58,164 - INFO - LCCN Source data found for OCN 49251460: ['Library of Congress']
2024-03-31 18:35:58,167 - INFO - Write completed for OCN 49251460
2024-03-31 18:35:58,167 - INFO - 4/10. Searching metadata for 22281914
2024-03-31 18:35:58,168 - INFO - Querying database for OCN 22281914.
2024-03-31 18:35:58,169 - INFO - Found database record for OCN 22281914: ISBN=9781526124463, OCN=22281914
2024-03-31 18:35:58,170 - INFO - LCCN data found for OCN 22281914: ['QA303.3 .E875 1996']
2024-03-31 18:35:58,170 - INFO - LCCN Source data found for OCN 22281914: ['Library of Congress']
2024-03-31 18:35:58,173 - INFO - Write completed for OCN 22281914
2024-03-31 18:35:58,173 - INFO - 5/10. Searching metadata for 51868091
2024-03-31 18:35:58,174 - INFO - Querying database for OCN 51868091.
2024-03-31 18:35:58,175 - INFO - Found database record for OCN 51868091: ISBN=9780805376135, OCN=51868091
2024-03-31 18:35:58,176 - INFO - LCCN data found for OCN 51868091: ['QR41.2 .T67 2004']
2024-03-31 18:35:58,176 - INFO - LCCN Source data found for OCN 51868091: ['Open Library']
2024-03-31 18:35:58,183 - INFO - Write completed for OCN 51868091
2024-03-31 18:35:58,184 - INFO - 6/10. Searching metadata for 225374393
2024-03-31 18:35:58,184 - INFO - Querying database for OCN 225374393.
2024-03-31 18:35:58,185 - INFO - Found database record for OCN 225374393: ISBN=9786610461820, OCN=225374393
2024-03-31 18:35:58,185 - INFO - LCCN data found for OCN 225374393: ['QH540']
2024-03-31 18:35:58,186 - INFO - LCCN Source data found for OCN 225374393: ['JHU']
2024-03-31 18:35:58,191 - INFO - Write completed for OCN 225374393
2024-03-31 18:35:58,192 - INFO - 7/10. Searching metadata for 1056625215
2024-03-31 18:35:58,193 - INFO - Querying database for OCN 1056625215.
2024-03-31 18:35:58,194 - INFO - No database record found for OCN 1056625215.
2024-03-31 18:35:58,195 - INFO - Querying Columbia Library for missing data for identifier: 1056625215
2024-03-31 18:36:07,379 - INFO - Querying Stanford Library for missing data for identifier: 1056625215
2024-03-31 18:36:14,742 - INFO - Querying Library of Congress for missing data for identifier: 1056625215
2024-03-31 18:36:15,227 - INFO - Querying Johns Hopkins Library for missing data for identifier: 1056625215
2024-03-31 18:36:25,495 - INFO - Querying Yale Library for missing data for identifier: 1056625215
2024-03-31 18:36:34,073 - INFO - Querying Duke Library for missing data for identifier: 1056625215
2024-03-31 18:36:42,462 - INFO - Querying Google Books for missing data for identifier: 1056625215
2024-03-31 18:36:43,211 - INFO - Querying Cornell Library for missing data for identifier: 1056625215
2024-03-31 18:36:50,260 - INFO - Querying North Carolina State Library for missing data for identifier: 1056625215
2024-03-31 18:36:59,010 - INFO - Querying Open Library for missing data for identifier: 1056625215
2024-03-31 18:36:59,356 - INFO - Updated data for 1056625215 from Open Library
2024-03-31 18:36:59,374 - INFO - Write completed for OCN 1056625215
2024-03-31 18:36:59,374 - INFO - 8/10. Searching metadata for 58561723
2024-03-31 18:36:59,374 - INFO - Querying database for OCN 58561723.
2024-03-31 18:36:59,376 - INFO - Found database record for OCN 58561723: ISBN=9786610147748, OCN=58561723
2024-03-31 18:36:59,377 - INFO - LCCN data found for OCN 58561723: ['QC173.45']
2024-03-31 18:36:59,377 - INFO - LCCN Source data found for OCN 58561723: ['Harvard']
2024-03-31 18:36:59,381 - INFO - Write completed for OCN 58561723
2024-03-31 18:36:59,381 - INFO - 9/10. Searching metadata for 58593680
2024-03-31 18:36:59,381 - INFO - Querying database for OCN 58593680.
2024-03-31 18:36:59,382 - INFO - No database record found for OCN 58593680.
2024-03-31 18:36:59,383 - INFO - Querying Columbia Library for missing data for identifier: 58593680
2024-03-31 18:37:05,409 - INFO - Querying Stanford Library for missing data for identifier: 58593680
2024-03-31 18:37:21,031 - INFO - Updated data for 58593680 from Stanford Library
2024-03-31 18:37:21,048 - INFO - Write completed for OCN 58593680
2024-03-31 18:37:21,048 - INFO - Search thread completed successfully for 10 items.
2024-03-31 18:37:21,173 - INFO - Search completed
2024-03-31 18:38:13,062 - INFO - Application started
2024-03-31 18:38:46,486 - INFO - Application started
2024-03-31 18:39:01,630 - INFO - Application started
2024-03-31 18:39:34,522 - INFO - Application started
2024-03-31 18:45:14,177 - INFO - Application started
2024-03-31 18:46:55,879 - INFO - Application started
2024-03-31 18:48:35,672 - INFO - Application started
2024-03-31 18:50:18,556 - INFO - Application started
2024-03-31 18:51:54,843 - INFO - Application started
2024-03-31 18:53:39,488 - INFO - Application started
2024-03-31 18:57:31,849 - INFO - Application started
2024-03-31 18:57:54,616 - INFO - Application started
2024-03-31 19:03:39,223 - INFO - Application started
2024-03-31 19:03:55,692 - INFO - Search started for OCN with 10 items and priority list: ['Columbia Library', 'Stanford Library', 'Library of Congress', 'Johns Hopkins Library', 'Yale Library', 'Duke Library', 'Google Books', 'Cornell Library', 'North Carolina State Library', 'Open Library', 'Harvard Library', 'Indiana Library']
2024-03-31 19:03:55,710 - INFO - 0/10. Searching metadata for 86074845
2024-03-31 19:03:55,711 - INFO - Querying database for OCN 86074845.
2024-03-31 19:03:55,713 - INFO - Found database record for OCN 86074845: ISBN=9780306486449, OCN=86074845
2024-03-31 19:03:55,716 - INFO - LCCN data found for OCN 86074845: ['QP364.7.G575 2005']
2024-03-31 19:03:55,716 - INFO - LCCN Source data found for OCN 86074845: ['Stanford']
2024-03-31 19:03:55,723 - INFO - Write completed for OCN 86074845
2024-03-31 19:03:55,724 - INFO - 1/10. Searching metadata for 58561723
2024-03-31 19:03:55,725 - INFO - Querying database for OCN 58561723.
2024-03-31 19:03:55,726 - INFO - Found database record for OCN 58561723: ISBN=9786610147748, OCN=58561723
2024-03-31 19:03:55,727 - INFO - LCCN data found for OCN 58561723: ['QC173.45']
2024-03-31 19:03:55,727 - INFO - LCCN Source data found for OCN 58561723: ['Harvard']
2024-03-31 19:03:55,737 - INFO - Write completed for OCN 58561723
2024-03-31 19:03:55,738 - INFO - 2/10. Searching metadata for 58561723
2024-03-31 19:03:55,738 - INFO - Querying database for OCN 58561723.
2024-03-31 19:03:55,739 - INFO - Found database record for OCN 58561723: ISBN=9786610147748, OCN=58561723
2024-03-31 19:03:55,740 - INFO - LCCN data found for OCN 58561723: ['QC173.45']
2024-03-31 19:03:55,740 - INFO - LCCN Source data found for OCN 58561723: ['Harvard']
2024-03-31 19:03:55,745 - INFO - Write completed for OCN 58561723
2024-03-31 19:03:55,745 - INFO - 3/10. Searching metadata for 49251460
2024-03-31 19:03:55,745 - INFO - Querying database for OCN 49251460.
2024-03-31 19:03:55,746 - INFO - Found database record for OCN 49251460: ISBN=0130648531, OCN=49251460
2024-03-31 19:03:55,748 - INFO - LCCN data found for OCN 49251460: ['HF5415 .K63143 2001']
2024-03-31 19:03:55,748 - INFO - LCCN Source data found for OCN 49251460: ['Library of Congress']
2024-03-31 19:03:55,753 - INFO - Write completed for OCN 49251460
2024-03-31 19:03:55,754 - INFO - 4/10. Searching metadata for 22281914
2024-03-31 19:03:55,755 - INFO - Querying database for OCN 22281914.
2024-03-31 19:03:55,756 - INFO - Found database record for OCN 22281914: ISBN=9781526124463, OCN=22281914
2024-03-31 19:03:55,758 - INFO - LCCN data found for OCN 22281914: ['QA303.3 .E875 1996']
2024-03-31 19:03:55,758 - INFO - LCCN Source data found for OCN 22281914: ['Library of Congress']
2024-03-31 19:03:55,762 - INFO - Write completed for OCN 22281914
2024-03-31 19:03:55,762 - INFO - 5/10. Searching metadata for 51868091
2024-03-31 19:03:55,762 - INFO - Querying database for OCN 51868091.
2024-03-31 19:03:55,763 - INFO - Found database record for OCN 51868091: ISBN=9780805376135, OCN=51868091
2024-03-31 19:03:55,765 - INFO - LCCN data found for OCN 51868091: ['QR41.2 .T67 2004']
2024-03-31 19:03:55,765 - INFO - LCCN Source data found for OCN 51868091: ['Open Library']
2024-03-31 19:03:55,773 - INFO - Write completed for OCN 51868091
2024-03-31 19:03:55,773 - INFO - 6/10. Searching metadata for 225374393
2024-03-31 19:03:55,773 - INFO - Querying database for OCN 225374393.
2024-03-31 19:03:55,777 - INFO - Found database record for OCN 225374393: ISBN=9786610461820, OCN=225374393
2024-03-31 19:03:55,779 - INFO - LCCN data found for OCN 225374393: ['QH540']
2024-03-31 19:03:55,780 - INFO - LCCN Source data found for OCN 225374393: ['JHU']
2024-03-31 19:03:55,785 - INFO - Write completed for OCN 225374393
2024-03-31 19:03:55,787 - INFO - 7/10. Searching metadata for 1056625215
2024-03-31 19:03:55,787 - INFO - Querying database for OCN 1056625215.
2024-03-31 19:03:55,788 - INFO - Found database record for OCN 1056625215: ISBN=9781269352079, OCN=1056625215
2024-03-31 19:03:55,790 - INFO - LCCN data found for OCN 1056625215: ['QC23.2 .K649 2013']
2024-03-31 19:03:55,790 - INFO - LCCN Source data found for OCN 1056625215: ['Open Library']
2024-03-31 19:03:55,792 - INFO - Write completed for OCN 1056625215
2024-03-31 19:03:55,793 - INFO - 8/10. Searching metadata for 58561723
2024-03-31 19:03:55,793 - INFO - Querying database for OCN 58561723.
2024-03-31 19:03:55,794 - INFO - Found database record for OCN 58561723: ISBN=9786610147748, OCN=58561723
2024-03-31 19:03:55,795 - INFO - LCCN data found for OCN 58561723: ['QC173.45']
2024-03-31 19:03:55,796 - INFO - LCCN Source data found for OCN 58561723: ['Harvard']
2024-03-31 19:03:55,803 - INFO - Write completed for OCN 58561723
2024-03-31 19:03:55,803 - INFO - 9/10. Searching metadata for 58593680
2024-03-31 19:03:55,804 - INFO - Querying database for OCN 58593680.
2024-03-31 19:03:55,805 - INFO - Found database record for OCN 58593680: ISBN=0387234683, OCN=58593680
2024-03-31 19:03:55,806 - INFO - LCCN data found for OCN 58593680: ['QA76.87.R37 2005']
2024-03-31 19:03:55,806 - INFO - LCCN Source data found for OCN 58593680: ['Stanford']
2024-03-31 19:03:55,810 - INFO - Write completed for OCN 58593680
2024-03-31 19:03:55,810 - INFO - Search thread completed successfully for 10 items.
2024-03-31 19:04:10,408 - INFO - Search operation finalized
2024-03-31 19:08:47,365 - INFO - Application started
2024-03-31 19:09:03,841 - INFO - Application started
2024-03-31 19:09:22,231 - INFO - Search started for OCN with 10 items and priority list: ['Columbia Library', 'Stanford Library', 'Library of Congress', 'Johns Hopkins Library', 'Yale Library', 'Duke Library', 'Google Books', 'Cornell Library', 'North Carolina State Library', 'Open Library', 'Harvard Library', 'Indiana Library']
2024-03-31 19:09:22,236 - INFO - 0/10. Searching metadata for 86074845
2024-03-31 19:09:22,239 - INFO - Querying database for OCN 86074845.
2024-03-31 19:09:22,242 - INFO - No database record found for OCN 86074845.
2024-03-31 19:09:22,243 - INFO - Querying Columbia Library for missing data for identifier: 86074845
2024-03-31 19:09:23,771 - INFO - Search completed
2024-03-31 19:09:31,692 - INFO - Write completed for ISBN 86074845
2024-03-31 19:09:31,693 - INFO - 1/10. Searching metadata for 58561723
2024-03-31 19:09:31,693 - INFO - Search thread stopped manually after processing 2 out of 10 items.
2024-03-31 19:10:17,683 - INFO - Application started
2024-03-31 19:10:57,672 - INFO - Search started for OCN with 10 items and priority list: ['Columbia Library', 'Stanford Library', 'Library of Congress', 'Johns Hopkins Library', 'Yale Library', 'Duke Library', 'Google Books', 'Cornell Library', 'North Carolina State Library', 'Open Library', 'Harvard Library', 'Indiana Library']
2024-03-31 19:10:57,678 - INFO - 0/10. Searching metadata for 86074845
2024-03-31 19:10:57,679 - INFO - Querying database for OCN 86074845.
2024-03-31 19:10:57,680 - INFO - No database record found for OCN 86074845.
2024-03-31 19:10:57,682 - INFO - Querying Columbia Library for missing data for identifier: 86074845
2024-03-31 19:10:59,413 - INFO - Search stopped manually
2024-03-31 19:11:04,049 - INFO - Write completed for ISBN 86074845
2024-03-31 19:11:04,050 - INFO - 1/10. Searching metadata for 58561723
2024-03-31 19:11:04,050 - INFO - Search thread stopped manually after processing 2 out of 10 items.
2024-03-31 19:17:35,467 - INFO - Application started
2024-03-31 19:17:50,861 - INFO - Search started for OCN with 10 items and priority list: ['Columbia Library', 'Stanford Library', 'Library of Congress', 'Johns Hopkins Library', 'Yale Library', 'Duke Library', 'Google Books', 'Cornell Library', 'North Carolina State Library', 'Open Library', 'Harvard Library', 'Indiana Library']
2024-03-31 19:17:50,872 - INFO - 0/10. Searching metadata for 86074845
2024-03-31 19:17:50,874 - INFO - Querying database for OCN 86074845.
2024-03-31 19:17:50,876 - INFO - No database record found for OCN 86074845.
2024-03-31 19:17:50,877 - INFO - Querying Columbia Library for missing data for identifier: 86074845
2024-03-31 19:17:53,921 - INFO - Search stopped manually
2024-03-31 19:17:57,248 - INFO - Write completed for ISBN 86074845
2024-03-31 19:17:57,248 - INFO - 1/10. Searching metadata for 58561723
2024-03-31 19:17:57,249 - INFO - Search thread stopped manually after processing 2 out of 10 items.
2024-03-31 19:26:01,404 - INFO - Application started
2024-03-31 19:26:22,453 - INFO - Search started for OCN with 10 items and priority list: ['Columbia Library', 'Stanford Library', 'Library of Congress', 'Johns Hopkins Library', 'Yale Library', 'Duke Library', 'Google Books', 'Cornell Library', 'North Carolina State Library', 'Open Library', 'Harvard Library', 'Indiana Library']
2024-03-31 19:26:22,459 - INFO - 0/10. Searching metadata for 86074845
2024-03-31 19:26:22,460 - INFO - Querying database for OCN 86074845.
2024-03-31 19:26:22,462 - INFO - No database record found for OCN 86074845.
2024-03-31 19:26:22,462 - INFO - Querying Columbia Library for missing data for identifier: 86074845
2024-03-31 19:26:23,998 - INFO - Search stopped manually
2024-03-31 19:26:28,928 - INFO - Write completed for ISBN 86074845
2024-03-31 19:26:28,929 - INFO - 1/10. Searching metadata for 58561723
2024-03-31 19:26:28,929 - INFO - Search thread stopped manually after processing 2 out of 10 items.
2024-03-31 19:26:41,781 - INFO - Search started for OCN with 10 items and priority list: ['Columbia Library', 'Stanford Library', 'Library of Congress', 'Johns Hopkins Library', 'Yale Library', 'Duke Library', 'Google Books', 'Cornell Library', 'North Carolina State Library', 'Open Library', 'Harvard Library', 'Indiana Library']
2024-03-31 19:26:41,823 - INFO - 0/10. Searching metadata for 86074845
2024-03-31 19:26:41,836 - INFO - Querying database for OCN 86074845.
2024-03-31 19:26:41,839 - INFO - No database record found for OCN 86074845.
2024-03-31 19:26:41,841 - INFO - Querying Columbia Library for missing data for identifier: 86074845
2024-03-31 19:26:47,710 - INFO - Querying Stanford Library for missing data for identifier: 86074845
2024-03-31 19:27:04,139 - INFO - Updated data for 86074845 from Stanford Library
2024-03-31 19:27:04,174 - INFO - Write completed for OCN 86074845
2024-03-31 19:27:04,176 - INFO - 1/10. Searching metadata for 58561723
2024-03-31 19:27:04,176 - INFO - Querying database for OCN 58561723.
2024-03-31 19:27:04,180 - INFO - No database record found for OCN 58561723.
2024-03-31 19:27:04,181 - INFO - Querying Columbia Library for missing data for identifier: 58561723
2024-03-31 19:27:10,126 - INFO - Querying Stanford Library for missing data for identifier: 58561723
2024-03-31 19:27:25,263 - INFO - Updated data for 58561723 from Stanford Library
2024-03-31 19:27:25,290 - INFO - Write completed for OCN 58561723
2024-03-31 19:27:25,291 - INFO - 2/10. Searching metadata for 58561723
2024-03-31 19:27:25,291 - INFO - Querying database for OCN 58561723.
2024-03-31 19:27:25,294 - INFO - Found database record for OCN 58561723: ISBN=038723313X, OCN=58561723
2024-03-31 19:27:25,295 - INFO - LCCN data found for OCN 58561723: ['QC702.7.B65I63 2005']
2024-03-31 19:27:25,295 - INFO - LCCN Source data found for OCN 58561723: ['Stanford']
2024-03-31 19:27:25,301 - INFO - Write completed for OCN 58561723
2024-03-31 19:27:25,301 - INFO - 3/10. Searching metadata for 49251460
2024-03-31 19:27:25,301 - INFO - Querying database for OCN 49251460.
2024-03-31 19:27:25,302 - INFO - No database record found for OCN 49251460.
2024-03-31 19:27:25,302 - INFO - Querying Columbia Library for missing data for identifier: 49251460
2024-03-31 19:27:29,525 - INFO - Search stopped manually
2024-03-31 19:27:31,257 - INFO - Write completed for ISBN 49251460
2024-03-31 19:27:31,257 - INFO - 4/10. Searching metadata for 22281914
2024-03-31 19:27:31,257 - INFO - Search thread stopped manually after processing 5 out of 10 items.
2024-03-31 19:28:29,619 - INFO - Search started for OCN with 10 items and priority list: ['Columbia Library', 'Stanford Library', 'Library of Congress', 'Johns Hopkins Library', 'Yale Library', 'Duke Library', 'Google Books', 'Cornell Library', 'North Carolina State Library', 'Open Library', 'Harvard Library', 'Indiana Library']
2024-03-31 19:28:29,625 - INFO - 0/10. Searching metadata for 86074845
2024-03-31 19:28:29,626 - INFO - Querying database for OCN 86074845.
2024-03-31 19:28:29,626 - INFO - Found database record for OCN 86074845: ISBN=9780306486449, OCN=86074845
2024-03-31 19:28:29,636 - INFO - LCCN data found for OCN 86074845: ['QP364.7.G575 2005']
2024-03-31 19:28:29,637 - INFO - LCCN Source data found for OCN 86074845: ['Stanford']
2024-03-31 19:28:29,686 - INFO - Write completed for OCN 86074845
2024-03-31 19:28:29,686 - INFO - 1/10. Searching metadata for 58561723
2024-03-31 19:28:29,687 - INFO - Querying database for OCN 58561723.
2024-03-31 19:28:29,688 - INFO - Found database record for OCN 58561723: ISBN=038723313X, OCN=58561723
2024-03-31 19:28:29,692 - INFO - LCCN data found for OCN 58561723: ['QC702.7.B65I63 2005']
2024-03-31 19:28:29,693 - INFO - LCCN Source data found for OCN 58561723: ['Stanford']
2024-03-31 19:28:29,705 - INFO - Write completed for OCN 58561723
2024-03-31 19:28:29,705 - INFO - 2/10. Searching metadata for 58561723
2024-03-31 19:28:29,705 - INFO - Querying database for OCN 58561723.
2024-03-31 19:28:29,706 - INFO - Found database record for OCN 58561723: ISBN=038723313X, OCN=58561723
2024-03-31 19:28:29,710 - INFO - LCCN data found for OCN 58561723: ['QC702.7.B65I63 2005']
2024-03-31 19:28:29,710 - INFO - LCCN Source data found for OCN 58561723: ['Stanford']
2024-03-31 19:28:29,717 - INFO - Write completed for OCN 58561723
2024-03-31 19:28:29,717 - INFO - 3/10. Searching metadata for 49251460
2024-03-31 19:28:29,722 - INFO - Querying database for OCN 49251460.
2024-03-31 19:28:29,723 - INFO - No database record found for OCN 49251460.
2024-03-31 19:28:29,723 - INFO - Querying Columbia Library for missing data for identifier: 49251460
2024-03-31 19:28:30,444 - INFO - Search stopped manually
2024-03-31 19:28:35,712 - INFO - Write completed for ISBN 49251460
2024-03-31 19:28:35,712 - INFO - 4/10. Searching metadata for 22281914
2024-03-31 19:28:35,719 - INFO - Search thread stopped manually after processing 5 out of 10 items.
2024-03-31 19:29:29,545 - INFO - Search started for OCN with 10 items and priority list: ['Columbia Library', 'Stanford Library', 'Library of Congress', 'Johns Hopkins Library', 'Yale Library', 'Duke Library', 'Google Books', 'Cornell Library', 'North Carolina State Library', 'Open Library', 'Harvard Library', 'Indiana Library']
2024-03-31 19:29:29,552 - INFO - 0/10. Searching metadata for 86074845
2024-03-31 19:29:29,552 - INFO - Querying database for OCN 86074845.
2024-03-31 19:29:29,553 - INFO - Found database record for OCN 86074845: ISBN=9780306486449, OCN=86074845
2024-03-31 19:29:29,555 - INFO - LCCN data found for OCN 86074845: ['QP364.7.G575 2005']
2024-03-31 19:29:29,555 - INFO - LCCN Source data found for OCN 86074845: ['Stanford']
2024-03-31 19:29:29,559 - INFO - Write completed for OCN 86074845
2024-03-31 19:29:29,560 - INFO - 1/10. Searching metadata for 58561723
2024-03-31 19:29:29,560 - INFO - Querying database for OCN 58561723.
2024-03-31 19:29:29,561 - INFO - Found database record for OCN 58561723: ISBN=038723313X, OCN=58561723
2024-03-31 19:29:29,562 - INFO - LCCN data found for OCN 58561723: ['QC702.7.B65I63 2005']
2024-03-31 19:29:29,562 - INFO - LCCN Source data found for OCN 58561723: ['Stanford']
2024-03-31 19:29:29,565 - INFO - Write completed for OCN 58561723
2024-03-31 19:29:29,566 - INFO - 2/10. Searching metadata for 58561723
2024-03-31 19:29:29,566 - INFO - Querying database for OCN 58561723.
2024-03-31 19:29:29,567 - INFO - Found database record for OCN 58561723: ISBN=038723313X, OCN=58561723
2024-03-31 19:29:29,568 - INFO - LCCN data found for OCN 58561723: ['QC702.7.B65I63 2005']
2024-03-31 19:29:29,568 - INFO - LCCN Source data found for OCN 58561723: ['Stanford']
2024-03-31 19:29:29,572 - INFO - Write completed for OCN 58561723
2024-03-31 19:29:29,572 - INFO - 3/10. Searching metadata for 49251460
2024-03-31 19:29:29,573 - INFO - Querying database for OCN 49251460.
2024-03-31 19:29:29,573 - INFO - No database record found for OCN 49251460.
2024-03-31 19:29:29,574 - INFO - Querying Columbia Library for missing data for identifier: 49251460
2024-03-31 19:29:35,465 - INFO - Querying Stanford Library for missing data for identifier: 49251460
2024-03-31 19:29:41,988 - INFO - Querying Library of Congress for missing data for identifier: 49251460
2024-03-31 19:29:42,483 - INFO - Updated data for 49251460 from Library of Congress
2024-03-31 19:29:42,483 - INFO - Querying Johns Hopkins Library for missing data for identifier: 49251460
2024-03-31 19:29:54,096 - INFO - Querying Yale Library for missing data for identifier: 49251460
2024-03-31 19:30:02,403 - INFO - Querying Duke Library for missing data for identifier: 49251460
2024-03-31 19:30:11,034 - INFO - Querying Google Books for missing data for identifier: 49251460
2024-03-31 19:30:11,845 - INFO - Querying Cornell Library for missing data for identifier: 49251460
2024-03-31 19:30:19,166 - INFO - Querying North Carolina State Library for missing data for identifier: 49251460
2024-03-31 19:30:27,908 - INFO - Querying Open Library for missing data for identifier: 49251460
2024-03-31 19:30:28,713 - INFO - Updated data for 49251460 from Open Library
2024-03-31 19:30:28,738 - INFO - Write completed for OCN 49251460
2024-03-31 19:30:28,739 - INFO - 4/10. Searching metadata for 22281914
2024-03-31 19:30:28,739 - INFO - Querying database for OCN 22281914.
2024-03-31 19:30:28,741 - INFO - No database record found for OCN 22281914.
2024-03-31 19:30:28,742 - INFO - Querying Columbia Library for missing data for identifier: 22281914
2024-03-31 19:30:34,750 - INFO - Querying Stanford Library for missing data for identifier: 22281914
2024-03-31 19:30:41,005 - INFO - Querying Library of Congress for missing data for identifier: 22281914
2024-03-31 19:30:41,469 - INFO - Updated data for 22281914 from Library of Congress
2024-03-31 19:30:41,469 - INFO - Querying Johns Hopkins Library for missing data for identifier: 22281914
2024-03-31 19:30:47,721 - INFO - Querying Yale Library for missing data for identifier: 22281914
2024-03-31 19:31:01,129 - INFO - Querying Duke Library for missing data for identifier: 22281914
2024-03-31 19:31:09,154 - INFO - Querying Google Books for missing data for identifier: 22281914
2024-03-31 19:31:09,898 - INFO - Updated data for 22281914 from Google Books
2024-03-31 19:31:09,914 - INFO - Write completed for OCN 22281914
2024-03-31 19:31:09,915 - INFO - 5/10. Searching metadata for 51868091
2024-03-31 19:31:09,915 - INFO - Querying database for OCN 51868091.
2024-03-31 19:31:09,917 - INFO - No database record found for OCN 51868091.
2024-03-31 19:31:09,918 - INFO - Querying Columbia Library for missing data for identifier: 51868091
2024-03-31 19:31:15,854 - INFO - Querying Stanford Library for missing data for identifier: 51868091
2024-03-31 19:31:31,100 - INFO - Querying Library of Congress for missing data for identifier: 51868091
2024-03-31 19:31:31,443 - INFO - Querying Johns Hopkins Library for missing data for identifier: 51868091
2024-03-31 19:31:37,335 - INFO - Querying Yale Library for missing data for identifier: 51868091
2024-03-31 19:31:50,313 - INFO - Querying Duke Library for missing data for identifier: 51868091
2024-03-31 19:31:58,926 - INFO - Querying Google Books for missing data for identifier: 51868091
2024-03-31 19:31:59,561 - INFO - Querying Cornell Library for missing data for identifier: 51868091
2024-03-31 19:32:06,619 - INFO - Querying North Carolina State Library for missing data for identifier: 51868091
2024-03-31 19:32:14,899 - INFO - Querying Open Library for missing data for identifier: 51868091
2024-03-31 19:32:15,348 - INFO - Updated data for 51868091 from Open Library
2024-03-31 19:32:15,363 - INFO - Write completed for OCN 51868091
2024-03-31 19:32:15,363 - INFO - 6/10. Searching metadata for 225374393
2024-03-31 19:32:15,364 - INFO - Querying database for OCN 225374393.
2024-03-31 19:32:15,365 - INFO - No database record found for OCN 225374393.
2024-03-31 19:32:15,366 - INFO - Querying Columbia Library for missing data for identifier: 225374393
2024-03-31 19:32:21,364 - INFO - Querying Stanford Library for missing data for identifier: 225374393
2024-03-31 19:32:27,665 - INFO - Querying Library of Congress for missing data for identifier: 225374393
2024-03-31 19:32:28,043 - INFO - Querying Johns Hopkins Library for missing data for identifier: 225374393
2024-03-31 19:32:44,518 - INFO - Updated data for 225374393 from Johns Hopkins Library
2024-03-31 19:32:44,537 - INFO - Write completed for OCN 225374393
2024-03-31 19:32:44,538 - INFO - 7/10. Searching metadata for 1056625215
2024-03-31 19:32:44,538 - INFO - Querying database for OCN 1056625215.
2024-03-31 19:32:44,540 - INFO - No database record found for OCN 1056625215.
2024-03-31 19:32:44,542 - INFO - Querying Columbia Library for missing data for identifier: 1056625215
2024-03-31 19:32:50,427 - INFO - Querying Stanford Library for missing data for identifier: 1056625215
2024-03-31 19:32:56,727 - INFO - Querying Library of Congress for missing data for identifier: 1056625215
2024-03-31 19:32:57,085 - INFO - Querying Johns Hopkins Library for missing data for identifier: 1056625215
2024-03-31 19:33:02,971 - INFO - Querying Yale Library for missing data for identifier: 1056625215
2024-03-31 19:33:10,270 - INFO - Querying Duke Library for missing data for identifier: 1056625215
2024-03-31 19:33:18,446 - INFO - Querying Google Books for missing data for identifier: 1056625215
2024-03-31 19:33:19,026 - INFO - Querying Cornell Library for missing data for identifier: 1056625215
2024-03-31 19:33:25,942 - INFO - Querying North Carolina State Library for missing data for identifier: 1056625215
2024-03-31 19:33:34,129 - INFO - Querying Open Library for missing data for identifier: 1056625215
2024-03-31 19:33:34,536 - INFO - Updated data for 1056625215 from Open Library
2024-03-31 19:33:34,555 - INFO - Write completed for OCN 1056625215
2024-03-31 19:33:34,563 - INFO - 8/10. Searching metadata for 58561723
2024-03-31 19:33:34,563 - INFO - Querying database for OCN 58561723.
2024-03-31 19:33:34,568 - INFO - Found database record for OCN 58561723: ISBN=038723313X, OCN=58561723
2024-03-31 19:33:34,569 - INFO - LCCN data found for OCN 58561723: ['QC702.7.B65I63 2005']
2024-03-31 19:33:34,570 - INFO - LCCN Source data found for OCN 58561723: ['Stanford']
2024-03-31 19:33:34,573 - INFO - Write completed for OCN 58561723
2024-03-31 19:33:34,573 - INFO - 9/10. Searching metadata for 58593680
2024-03-31 19:33:34,574 - INFO - Querying database for OCN 58593680.
2024-03-31 19:33:34,575 - INFO - No database record found for OCN 58593680.
2024-03-31 19:33:34,575 - INFO - Querying Columbia Library for missing data for identifier: 58593680
2024-03-31 19:33:40,557 - INFO - Querying Stanford Library for missing data for identifier: 58593680
2024-03-31 19:33:56,095 - INFO - Updated data for 58593680 from Stanford Library
2024-03-31 19:33:56,111 - INFO - Write completed for OCN 58593680
2024-03-31 19:33:56,112 - INFO - Search thread completed successfully for 10 items.
2024-03-31 19:33:56,170 - INFO - Search completed
